2020-03-02 20:15:57 INFO  com.rcc.api.RCCOAUTHApplication - Starting RCCOAUTHApplication on DESKTOP-ECSITVM with PID 4760 (C:\Users\kreddivari\work\dev-demo\build\classes\java\main started by kreddivari in C:\Users\kreddivari\work\dev-demo)
2020-03-02 20:15:57 INFO  com.rcc.api.RCCOAUTHApplication - No active profile set, falling back to default profiles: default
2020-03-02 20:15:58 INFO  o.s.d.r.c.RepositoryConfigurationDelegate - Bootstrapping Spring Data repositories in DEFAULT mode.
2020-03-02 20:15:58 INFO  o.s.d.r.c.RepositoryConfigurationDelegate - Finished Spring Data repository scanning in 25ms. Found 0 repository interfaces.
2020-03-02 20:15:59 INFO  o.s.c.s.PostProcessorRegistrationDelegate$BeanPostProcessorChecker - Bean 'org.springframework.transaction.annotation.ProxyTransactionManagementConfiguration' of type [org.springframework.transaction.annotation.ProxyTransactionManagementConfiguration$$EnhancerBySpringCGLIB$$97c277ec] is not eligible for getting processed by all BeanPostProcessors (for example: not eligible for auto-proxying)
2020-03-02 20:15:59 INFO  o.s.c.s.PostProcessorRegistrationDelegate$BeanPostProcessorChecker - Bean 'org.springframework.security.config.annotation.configuration.ObjectPostProcessorConfiguration' of type [org.springframework.security.config.annotation.configuration.ObjectPostProcessorConfiguration$$EnhancerBySpringCGLIB$$30704026] is not eligible for getting processed by all BeanPostProcessors (for example: not eligible for auto-proxying)
2020-03-02 20:15:59 INFO  o.s.c.s.PostProcessorRegistrationDelegate$BeanPostProcessorChecker - Bean 'objectPostProcessor' of type [org.springframework.security.config.annotation.configuration.AutowireBeanFactoryObjectPostProcessor] is not eligible for getting processed by all BeanPostProcessors (for example: not eligible for auto-proxying)
2020-03-02 20:15:59 INFO  o.s.c.s.PostProcessorRegistrationDelegate$BeanPostProcessorChecker - Bean 'org.springframework.security.access.expression.method.DefaultMethodSecurityExpressionHandler@58a4a74d' of type [org.springframework.security.access.expression.method.DefaultMethodSecurityExpressionHandler] is not eligible for getting processed by all BeanPostProcessors (for example: not eligible for auto-proxying)
2020-03-02 20:15:59 INFO  o.s.c.s.PostProcessorRegistrationDelegate$BeanPostProcessorChecker - Bean 'org.springframework.security.config.annotation.method.configuration.GlobalMethodSecurityConfiguration' of type [org.springframework.security.config.annotation.method.configuration.GlobalMethodSecurityConfiguration$$EnhancerBySpringCGLIB$$5544e2d8] is not eligible for getting processed by all BeanPostProcessors (for example: not eligible for auto-proxying)
2020-03-02 20:15:59 INFO  o.s.c.s.PostProcessorRegistrationDelegate$BeanPostProcessorChecker - Bean 'methodSecurityMetadataSource' of type [org.springframework.security.access.method.DelegatingMethodSecurityMetadataSource] is not eligible for getting processed by all BeanPostProcessors (for example: not eligible for auto-proxying)
2020-03-02 20:15:59 INFO  o.s.b.w.e.tomcat.TomcatWebServer - Tomcat initialized with port(s): 8080 (http)
2020-03-02 20:15:59 INFO  o.a.coyote.http11.Http11NioProtocol - Initializing ProtocolHandler ["http-nio-8080"]
2020-03-02 20:15:59 INFO  o.a.catalina.core.StandardService - Starting service [Tomcat]
2020-03-02 20:15:59 INFO  o.a.catalina.core.StandardEngine - Starting Servlet engine: [Apache Tomcat/9.0.22]
2020-03-02 20:15:59 INFO  o.a.c.c.C.[Tomcat].[localhost].[/] - Initializing Spring embedded WebApplicationContext
2020-03-02 20:15:59 INFO  o.s.web.context.ContextLoader - Root WebApplicationContext: initialization completed in 2267 ms
2020-03-02 20:15:59 ERROR com.zaxxer.hikari.HikariConfig - Failed to load driver class com.mysql.cj.jdbc.Driver from HikariConfig class classloader sun.misc.Launcher$AppClassLoader@18b4aac2
2020-03-02 20:15:59 ERROR o.s.b.w.e.tomcat.TomcatStarter - Error starting Tomcat context. Exception: org.springframework.beans.factory.BeanCreationException. Message: Error creating bean with name 'servletEndpointRegistrar' defined in class path resource [org/springframework/boot/actuate/autoconfigure/endpoint/web/ServletEndpointManagementContextConfiguration$WebMvcServletEndpointManagementContextConfiguration.class]: Bean instantiation via factory method failed; nested exception is org.springframework.beans.BeanInstantiationException: Failed to instantiate [org.springframework.boot.actuate.endpoint.web.ServletEndpointRegistrar]: Factory method 'servletEndpointRegistrar' threw exception; nested exception is org.springframework.beans.factory.UnsatisfiedDependencyException: Error creating bean with name 'healthEndpoint' defined in class path resource [org/springframework/boot/actuate/autoconfigure/health/HealthEndpointConfiguration.class]: Unsatisfied dependency expressed through method 'healthEndpoint' parameter 1; nested exception is org.springframework.beans.factory.BeanCreationException: Error creating bean with name 'healthIndicatorRegistry' defined in class path resource [org/springframework/boot/actuate/autoconfigure/health/HealthIndicatorAutoConfiguration.class]: Bean instantiation via factory method failed; nested exception is org.springframework.beans.BeanInstantiationException: Failed to instantiate [org.springframework.boot.actuate.health.HealthIndicatorRegistry]: Factory method 'healthIndicatorRegistry' threw exception; nested exception is org.springframework.beans.factory.UnsatisfiedDependencyException: Error creating bean with name 'org.springframework.boot.actuate.autoconfigure.jdbc.DataSourceHealthIndicatorAutoConfiguration': Unsatisfied dependency expressed through constructor parameter 0; nested exception is org.springframework.beans.factory.BeanCreationException: Error creating bean with name 'dataSource' defined in class path resource [org/springframework/boot/autoconfigure/jdbc/DataSourceConfiguration$Hikari.class]: Bean instantiation via factory method failed; nested exception is org.springframework.beans.BeanInstantiationException: Failed to instantiate [com.zaxxer.hikari.HikariDataSource]: Factory method 'dataSource' threw exception; nested exception is org.springframework.boot.context.properties.bind.BindException: Failed to bind properties under '' to com.zaxxer.hikari.HikariDataSource
2020-03-02 20:15:59 INFO  o.a.catalina.core.StandardService - Stopping service [Tomcat]
2020-03-02 20:15:59 WARN  o.s.b.w.s.c.AnnotationConfigServletWebServerApplicationContext - Exception encountered during context initialization - cancelling refresh attempt: org.springframework.context.ApplicationContextException: Unable to start web server; nested exception is org.springframework.boot.web.server.WebServerException: Unable to start embedded Tomcat
2020-03-02 20:15:59 INFO  o.s.b.a.l.ConditionEvaluationReportLoggingListener - 

Error starting ApplicationContext. To display the conditions report re-run your application with 'debug' enabled.
2020-03-02 20:16:00 ERROR o.s.b.d.LoggingFailureAnalysisReporter - 

***************************
APPLICATION FAILED TO START
***************************

Description:

Failed to bind properties under '' to com.zaxxer.hikari.HikariDataSource:

    Property: driverclassname
    Value: com.mysql.cj.jdbc.Driver
    Origin: "driverClassName" from property source "source"
    Reason: Failed to load driver class com.mysql.cj.jdbc.Driver in either of HikariConfig class loader or Thread context classloader

Action:

Update your application's configuration

2020-03-02 20:17:41 INFO  com.rcc.api.RCCOAUTHApplication - Starting RCCOAUTHApplication on DESKTOP-ECSITVM with PID 23684 (C:\Users\kreddivari\work\dev-demo\build\classes\java\main started by kreddivari in C:\Users\kreddivari\work\dev-demo)
2020-03-02 20:17:41 INFO  com.rcc.api.RCCOAUTHApplication - No active profile set, falling back to default profiles: default
2020-03-02 20:17:43 INFO  o.s.d.r.c.RepositoryConfigurationDelegate - Bootstrapping Spring Data repositories in DEFAULT mode.
2020-03-02 20:17:43 INFO  o.s.d.r.c.RepositoryConfigurationDelegate - Finished Spring Data repository scanning in 31ms. Found 0 repository interfaces.
2020-03-02 20:17:43 INFO  o.s.c.s.PostProcessorRegistrationDelegate$BeanPostProcessorChecker - Bean 'org.springframework.transaction.annotation.ProxyTransactionManagementConfiguration' of type [org.springframework.transaction.annotation.ProxyTransactionManagementConfiguration$$EnhancerBySpringCGLIB$$89bff27] is not eligible for getting processed by all BeanPostProcessors (for example: not eligible for auto-proxying)
2020-03-02 20:17:44 INFO  o.s.c.s.PostProcessorRegistrationDelegate$BeanPostProcessorChecker - Bean 'org.springframework.security.config.annotation.configuration.ObjectPostProcessorConfiguration' of type [org.springframework.security.config.annotation.configuration.ObjectPostProcessorConfiguration$$EnhancerBySpringCGLIB$$a149c761] is not eligible for getting processed by all BeanPostProcessors (for example: not eligible for auto-proxying)
2020-03-02 20:17:44 INFO  o.s.c.s.PostProcessorRegistrationDelegate$BeanPostProcessorChecker - Bean 'objectPostProcessor' of type [org.springframework.security.config.annotation.configuration.AutowireBeanFactoryObjectPostProcessor] is not eligible for getting processed by all BeanPostProcessors (for example: not eligible for auto-proxying)
2020-03-02 20:17:44 INFO  o.s.c.s.PostProcessorRegistrationDelegate$BeanPostProcessorChecker - Bean 'org.springframework.security.access.expression.method.DefaultMethodSecurityExpressionHandler@1f193686' of type [org.springframework.security.access.expression.method.DefaultMethodSecurityExpressionHandler] is not eligible for getting processed by all BeanPostProcessors (for example: not eligible for auto-proxying)
2020-03-02 20:17:44 INFO  o.s.c.s.PostProcessorRegistrationDelegate$BeanPostProcessorChecker - Bean 'org.springframework.security.config.annotation.method.configuration.GlobalMethodSecurityConfiguration' of type [org.springframework.security.config.annotation.method.configuration.GlobalMethodSecurityConfiguration$$EnhancerBySpringCGLIB$$c61e6a13] is not eligible for getting processed by all BeanPostProcessors (for example: not eligible for auto-proxying)
2020-03-02 20:17:44 INFO  o.s.c.s.PostProcessorRegistrationDelegate$BeanPostProcessorChecker - Bean 'methodSecurityMetadataSource' of type [org.springframework.security.access.method.DelegatingMethodSecurityMetadataSource] is not eligible for getting processed by all BeanPostProcessors (for example: not eligible for auto-proxying)
2020-03-02 20:17:44 INFO  o.s.b.w.e.tomcat.TomcatWebServer - Tomcat initialized with port(s): 8080 (http)
2020-03-02 20:17:45 INFO  o.a.coyote.http11.Http11NioProtocol - Initializing ProtocolHandler ["http-nio-8080"]
2020-03-02 20:17:45 INFO  o.a.catalina.core.StandardService - Starting service [Tomcat]
2020-03-02 20:17:45 INFO  o.a.catalina.core.StandardEngine - Starting Servlet engine: [Apache Tomcat/9.0.22]
2020-03-02 20:17:45 INFO  o.a.c.c.C.[Tomcat].[localhost].[/] - Initializing Spring embedded WebApplicationContext
2020-03-02 20:17:45 INFO  o.s.web.context.ContextLoader - Root WebApplicationContext: initialization completed in 3421 ms
2020-03-02 20:17:45 ERROR o.s.b.w.e.tomcat.TomcatStarter - Error starting Tomcat context. Exception: org.springframework.beans.factory.BeanCreationException. Message: Error creating bean with name 'servletEndpointRegistrar' defined in class path resource [org/springframework/boot/actuate/autoconfigure/endpoint/web/ServletEndpointManagementContextConfiguration$WebMvcServletEndpointManagementContextConfiguration.class]: Bean instantiation via factory method failed; nested exception is org.springframework.beans.BeanInstantiationException: Failed to instantiate [org.springframework.boot.actuate.endpoint.web.ServletEndpointRegistrar]: Factory method 'servletEndpointRegistrar' threw exception; nested exception is org.springframework.beans.factory.UnsatisfiedDependencyException: Error creating bean with name 'healthEndpoint' defined in class path resource [org/springframework/boot/actuate/autoconfigure/health/HealthEndpointConfiguration.class]: Unsatisfied dependency expressed through method 'healthEndpoint' parameter 1; nested exception is org.springframework.beans.factory.BeanCreationException: Error creating bean with name 'healthIndicatorRegistry' defined in class path resource [org/springframework/boot/actuate/autoconfigure/health/HealthIndicatorAutoConfiguration.class]: Bean instantiation via factory method failed; nested exception is org.springframework.beans.BeanInstantiationException: Failed to instantiate [org.springframework.boot.actuate.health.HealthIndicatorRegistry]: Factory method 'healthIndicatorRegistry' threw exception; nested exception is org.springframework.beans.factory.UnsatisfiedDependencyException: Error creating bean with name 'org.springframework.boot.actuate.autoconfigure.jdbc.DataSourceHealthIndicatorAutoConfiguration': Unsatisfied dependency expressed through constructor parameter 0; nested exception is org.springframework.beans.factory.BeanCreationException: Error creating bean with name 'dataSource' defined in class path resource [org/springframework/boot/autoconfigure/jdbc/DataSourceConfiguration$Hikari.class]: Bean instantiation via factory method failed; nested exception is org.springframework.beans.BeanInstantiationException: Failed to instantiate [com.zaxxer.hikari.HikariDataSource]: Factory method 'dataSource' threw exception; nested exception is org.springframework.boot.autoconfigure.jdbc.DataSourceProperties$DataSourceBeanCreationException: Failed to determine a suitable driver class
2020-03-02 20:17:45 INFO  o.a.catalina.core.StandardService - Stopping service [Tomcat]
2020-03-02 20:17:45 WARN  o.s.b.w.s.c.AnnotationConfigServletWebServerApplicationContext - Exception encountered during context initialization - cancelling refresh attempt: org.springframework.context.ApplicationContextException: Unable to start web server; nested exception is org.springframework.boot.web.server.WebServerException: Unable to start embedded Tomcat
2020-03-02 20:17:45 INFO  o.s.b.a.l.ConditionEvaluationReportLoggingListener - 

Error starting ApplicationContext. To display the conditions report re-run your application with 'debug' enabled.
2020-03-02 20:17:45 ERROR o.s.b.d.LoggingFailureAnalysisReporter - 

***************************
APPLICATION FAILED TO START
***************************

Description:

Failed to configure a DataSource: 'url' attribute is not specified and no embedded datasource could be configured.

Reason: Failed to determine a suitable driver class


Action:

Consider the following:
	If you want an embedded database (H2, HSQL or Derby), please put it on the classpath.
	If you have database settings to be loaded from a particular profile you may need to activate it (no profiles are currently active).

2020-03-02 20:18:55 INFO  o.s.b.t.c.SpringBootTestContextBootstrapper - Neither @ContextConfiguration nor @ContextHierarchy found for test class [com.rcc.api.DevDemoApplicationTests], using SpringBootContextLoader
2020-03-02 20:18:55 INFO  o.s.t.c.s.AbstractContextLoader - Could not detect default resource locations for test class [com.rcc.api.DevDemoApplicationTests]: no resource found for suffixes {-context.xml, Context.groovy}.
2020-03-02 20:18:55 INFO  o.s.t.c.s.AnnotationConfigContextLoaderUtils - Could not detect default configuration classes for test class [com.rcc.api.DevDemoApplicationTests]: DevDemoApplicationTests does not declare any static, non-private, non-final, nested classes annotated with @Configuration.
2020-03-02 20:18:56 INFO  o.s.b.t.c.SpringBootTestContextBootstrapper - Found @SpringBootConfiguration com.rcc.api.RCCOAUTHApplication for test class com.rcc.api.DevDemoApplicationTests
2020-03-02 20:18:56 INFO  o.s.b.t.c.SpringBootTestContextBootstrapper - Loaded default TestExecutionListener class names from location [META-INF/spring.factories]: [org.springframework.security.test.context.support.WithSecurityContextTestExecutionListener, org.springframework.security.test.context.support.ReactorContextTestExecutionListener, org.springframework.boot.test.autoconfigure.restdocs.RestDocsTestExecutionListener, org.springframework.boot.test.autoconfigure.web.client.MockRestServiceServerResetTestExecutionListener, org.springframework.boot.test.autoconfigure.web.servlet.MockMvcPrintOnlyOnFailureTestExecutionListener, org.springframework.boot.test.autoconfigure.web.servlet.WebDriverTestExecutionListener, org.springframework.boot.test.mock.mockito.MockitoTestExecutionListener, org.springframework.boot.test.mock.mockito.ResetMocksTestExecutionListener, org.springframework.test.context.web.ServletTestExecutionListener, org.springframework.test.context.support.DirtiesContextBeforeModesTestExecutionListener, org.springframework.test.context.support.DependencyInjectionTestExecutionListener, org.springframework.test.context.support.DirtiesContextTestExecutionListener, org.springframework.test.context.transaction.TransactionalTestExecutionListener, org.springframework.test.context.jdbc.SqlScriptsTestExecutionListener]
2020-03-02 20:18:56 INFO  o.s.b.t.c.SpringBootTestContextBootstrapper - Using TestExecutionListeners: [org.springframework.test.context.web.ServletTestExecutionListener@137272d0, org.springframework.test.context.support.DirtiesContextBeforeModesTestExecutionListener@1998c3fa, org.springframework.boot.test.mock.mockito.MockitoTestExecutionListener@71d15274, org.springframework.boot.test.autoconfigure.SpringBootDependencyInjectionTestExecutionListener@16e1bf5d, org.springframework.test.context.support.DirtiesContextTestExecutionListener@1605aba3, org.springframework.security.test.context.support.WithSecurityContextTestExecutionListener@49dd3d8a, org.springframework.security.test.context.support.ReactorContextTestExecutionListener@32e48437, org.springframework.boot.test.autoconfigure.restdocs.RestDocsTestExecutionListener@29e4ce61, org.springframework.boot.test.autoconfigure.web.client.MockRestServiceServerResetTestExecutionListener@1287204d, org.springframework.boot.test.autoconfigure.web.servlet.MockMvcPrintOnlyOnFailureTestExecutionListener@32167efa, org.springframework.boot.test.autoconfigure.web.servlet.WebDriverTestExecutionListener@24c591b3, org.springframework.boot.test.mock.mockito.ResetMocksTestExecutionListener@2b5dd48c]
2020-03-02 20:18:57 INFO  o.h.validator.internal.util.Version - HV000001: Hibernate Validator 6.0.17.Final
2020-03-02 20:18:57 INFO  com.rcc.api.DevDemoApplicationTests - Starting DevDemoApplicationTests on DESKTOP-ECSITVM with PID 49848 (started by kreddivari in C:\Users\kreddivari\work\dev-demo)
2020-03-02 20:18:57 INFO  com.rcc.api.DevDemoApplicationTests - No active profile set, falling back to default profiles: default
2020-03-02 20:19:00 INFO  o.s.c.s.PostProcessorRegistrationDelegate$BeanPostProcessorChecker - Bean 'org.springframework.security.config.annotation.configuration.ObjectPostProcessorConfiguration' of type [org.springframework.security.config.annotation.configuration.ObjectPostProcessorConfiguration$$EnhancerBySpringCGLIB$$271249af] is not eligible for getting processed by all BeanPostProcessors (for example: not eligible for auto-proxying)
2020-03-02 20:19:00 INFO  o.s.c.s.PostProcessorRegistrationDelegate$BeanPostProcessorChecker - Bean 'objectPostProcessor' of type [org.springframework.security.config.annotation.configuration.AutowireBeanFactoryObjectPostProcessor] is not eligible for getting processed by all BeanPostProcessors (for example: not eligible for auto-proxying)
2020-03-02 20:19:00 INFO  o.s.c.s.PostProcessorRegistrationDelegate$BeanPostProcessorChecker - Bean 'org.springframework.security.access.expression.method.DefaultMethodSecurityExpressionHandler@5b6bb97a' of type [org.springframework.security.access.expression.method.DefaultMethodSecurityExpressionHandler] is not eligible for getting processed by all BeanPostProcessors (for example: not eligible for auto-proxying)
2020-03-02 20:19:00 INFO  o.s.c.s.PostProcessorRegistrationDelegate$BeanPostProcessorChecker - Bean 'org.springframework.security.config.annotation.method.configuration.GlobalMethodSecurityConfiguration' of type [org.springframework.security.config.annotation.method.configuration.GlobalMethodSecurityConfiguration$$EnhancerBySpringCGLIB$$4be6ec61] is not eligible for getting processed by all BeanPostProcessors (for example: not eligible for auto-proxying)
2020-03-02 20:19:00 INFO  o.s.c.s.PostProcessorRegistrationDelegate$BeanPostProcessorChecker - Bean 'methodSecurityMetadataSource' of type [org.springframework.security.access.method.DelegatingMethodSecurityMetadataSource] is not eligible for getting processed by all BeanPostProcessors (for example: not eligible for auto-proxying)
2020-03-02 20:19:01 INFO  o.s.s.c.ThreadPoolTaskExecutor - Initializing ExecutorService 'applicationTaskExecutor'
2020-03-02 20:19:03 INFO  o.s.b.a.s.s.UserDetailsServiceAutoConfiguration - 

Using generated security password: 90f677db-034c-4ede-963e-6c14a7b8ea3a

2020-03-02 20:19:03 INFO  o.s.s.web.DefaultSecurityFilterChain - Creating filter chain: any request, [org.springframework.security.web.context.request.async.WebAsyncManagerIntegrationFilter@7f36244b, org.springframework.security.web.context.SecurityContextPersistenceFilter@48c002de, org.springframework.security.web.header.HeaderWriterFilter@77200635, org.springframework.security.web.authentication.logout.LogoutFilter@51243131, org.springframework.security.web.savedrequest.RequestCacheAwareFilter@36df53a6, org.springframework.security.web.servletapi.SecurityContextHolderAwareRequestFilter@430f54ca, org.springframework.security.web.session.SessionManagementFilter@7368efae, org.springframework.security.web.access.ExceptionTranslationFilter@194484f2, org.springframework.security.web.access.intercept.FilterSecurityInterceptor@5eed27e6]
2020-03-02 20:19:03 INFO  o.s.b.a.e.web.EndpointLinksResolver - Exposing 2 endpoint(s) beneath base path '/actuator'
2020-03-02 20:19:04 INFO  com.rcc.api.DevDemoApplicationTests - Started DevDemoApplicationTests in 7.058 seconds (JVM running for 11.464)
2020-03-02 20:19:04 INFO  o.s.s.c.ThreadPoolTaskExecutor - Shutting down ExecutorService 'applicationTaskExecutor'
2020-03-02 20:31:30 INFO  o.s.b.t.c.SpringBootTestContextBootstrapper - Neither @ContextConfiguration nor @ContextHierarchy found for test class [com.rcc.api.DevDemoApplicationTests], using SpringBootContextLoader
2020-03-02 20:31:30 INFO  o.s.t.c.s.AbstractContextLoader - Could not detect default resource locations for test class [com.rcc.api.DevDemoApplicationTests]: no resource found for suffixes {-context.xml, Context.groovy}.
2020-03-02 20:31:30 INFO  o.s.t.c.s.AnnotationConfigContextLoaderUtils - Could not detect default configuration classes for test class [com.rcc.api.DevDemoApplicationTests]: DevDemoApplicationTests does not declare any static, non-private, non-final, nested classes annotated with @Configuration.
2020-03-02 20:31:30 INFO  o.s.b.t.c.SpringBootTestContextBootstrapper - Found @SpringBootConfiguration com.rcc.api.RCCOAUTHApplication for test class com.rcc.api.DevDemoApplicationTests
2020-03-02 20:31:31 INFO  o.s.b.t.c.SpringBootTestContextBootstrapper - Loaded default TestExecutionListener class names from location [META-INF/spring.factories]: [org.springframework.security.test.context.support.WithSecurityContextTestExecutionListener, org.springframework.security.test.context.support.ReactorContextTestExecutionListener, org.springframework.boot.test.autoconfigure.restdocs.RestDocsTestExecutionListener, org.springframework.boot.test.autoconfigure.web.client.MockRestServiceServerResetTestExecutionListener, org.springframework.boot.test.autoconfigure.web.servlet.MockMvcPrintOnlyOnFailureTestExecutionListener, org.springframework.boot.test.autoconfigure.web.servlet.WebDriverTestExecutionListener, org.springframework.boot.test.mock.mockito.MockitoTestExecutionListener, org.springframework.boot.test.mock.mockito.ResetMocksTestExecutionListener, org.springframework.test.context.web.ServletTestExecutionListener, org.springframework.test.context.support.DirtiesContextBeforeModesTestExecutionListener, org.springframework.test.context.support.DependencyInjectionTestExecutionListener, org.springframework.test.context.support.DirtiesContextTestExecutionListener, org.springframework.test.context.transaction.TransactionalTestExecutionListener, org.springframework.test.context.jdbc.SqlScriptsTestExecutionListener]
2020-03-02 20:31:31 INFO  o.s.b.t.c.SpringBootTestContextBootstrapper - Using TestExecutionListeners: [org.springframework.test.context.web.ServletTestExecutionListener@137272d0, org.springframework.test.context.support.DirtiesContextBeforeModesTestExecutionListener@1998c3fa, org.springframework.boot.test.mock.mockito.MockitoTestExecutionListener@71d15274, org.springframework.boot.test.autoconfigure.SpringBootDependencyInjectionTestExecutionListener@16e1bf5d, org.springframework.test.context.support.DirtiesContextTestExecutionListener@1605aba3, org.springframework.security.test.context.support.WithSecurityContextTestExecutionListener@49dd3d8a, org.springframework.security.test.context.support.ReactorContextTestExecutionListener@32e48437, org.springframework.boot.test.autoconfigure.restdocs.RestDocsTestExecutionListener@29e4ce61, org.springframework.boot.test.autoconfigure.web.client.MockRestServiceServerResetTestExecutionListener@1287204d, org.springframework.boot.test.autoconfigure.web.servlet.MockMvcPrintOnlyOnFailureTestExecutionListener@32167efa, org.springframework.boot.test.autoconfigure.web.servlet.WebDriverTestExecutionListener@24c591b3, org.springframework.boot.test.mock.mockito.ResetMocksTestExecutionListener@2b5dd48c]
2020-03-02 20:31:31 INFO  o.h.validator.internal.util.Version - HV000001: Hibernate Validator 6.0.17.Final
2020-03-02 20:31:31 INFO  com.rcc.api.DevDemoApplicationTests - Starting DevDemoApplicationTests on DESKTOP-ECSITVM with PID 55976 (started by kreddivari in C:\Users\kreddivari\work\dev-demo)
2020-03-02 20:31:31 INFO  com.rcc.api.DevDemoApplicationTests - No active profile set, falling back to default profiles: default
2020-03-02 20:31:34 INFO  o.s.c.s.PostProcessorRegistrationDelegate$BeanPostProcessorChecker - Bean 'org.springframework.security.config.annotation.configuration.ObjectPostProcessorConfiguration' of type [org.springframework.security.config.annotation.configuration.ObjectPostProcessorConfiguration$$EnhancerBySpringCGLIB$$4d1a8166] is not eligible for getting processed by all BeanPostProcessors (for example: not eligible for auto-proxying)
2020-03-02 20:31:34 INFO  o.s.c.s.PostProcessorRegistrationDelegate$BeanPostProcessorChecker - Bean 'objectPostProcessor' of type [org.springframework.security.config.annotation.configuration.AutowireBeanFactoryObjectPostProcessor] is not eligible for getting processed by all BeanPostProcessors (for example: not eligible for auto-proxying)
2020-03-02 20:31:34 INFO  o.s.c.s.PostProcessorRegistrationDelegate$BeanPostProcessorChecker - Bean 'org.springframework.security.access.expression.method.DefaultMethodSecurityExpressionHandler@3990c217' of type [org.springframework.security.access.expression.method.DefaultMethodSecurityExpressionHandler] is not eligible for getting processed by all BeanPostProcessors (for example: not eligible for auto-proxying)
2020-03-02 20:31:34 INFO  o.s.c.s.PostProcessorRegistrationDelegate$BeanPostProcessorChecker - Bean 'org.springframework.security.config.annotation.method.configuration.GlobalMethodSecurityConfiguration' of type [org.springframework.security.config.annotation.method.configuration.GlobalMethodSecurityConfiguration$$EnhancerBySpringCGLIB$$71ef2418] is not eligible for getting processed by all BeanPostProcessors (for example: not eligible for auto-proxying)
2020-03-02 20:31:34 INFO  o.s.c.s.PostProcessorRegistrationDelegate$BeanPostProcessorChecker - Bean 'methodSecurityMetadataSource' of type [org.springframework.security.access.method.DelegatingMethodSecurityMetadataSource] is not eligible for getting processed by all BeanPostProcessors (for example: not eligible for auto-proxying)
2020-03-02 20:31:36 INFO  o.s.s.c.ThreadPoolTaskExecutor - Initializing ExecutorService 'applicationTaskExecutor'
2020-03-02 20:31:37 INFO  o.s.b.a.s.s.UserDetailsServiceAutoConfiguration - 

Using generated security password: d27c15c2-2cdb-4d6a-bad5-2230f8f13ec9

2020-03-02 20:31:38 INFO  o.s.s.web.DefaultSecurityFilterChain - Creating filter chain: any request, [org.springframework.security.web.context.request.async.WebAsyncManagerIntegrationFilter@4ecdec2d, org.springframework.security.web.context.SecurityContextPersistenceFilter@6e6ca961, org.springframework.security.web.header.HeaderWriterFilter@422a56f1, org.springframework.security.web.authentication.logout.LogoutFilter@271e59ff, org.springframework.security.web.savedrequest.RequestCacheAwareFilter@89c6bfc, org.springframework.security.web.servletapi.SecurityContextHolderAwareRequestFilter@2626b791, org.springframework.security.web.session.SessionManagementFilter@757be47d, org.springframework.security.web.access.ExceptionTranslationFilter@1cf39f70, org.springframework.security.web.access.intercept.FilterSecurityInterceptor@68179297]
2020-03-02 20:31:38 INFO  o.s.b.a.e.web.EndpointLinksResolver - Exposing 2 endpoint(s) beneath base path '/actuator'
2020-03-02 20:31:38 INFO  com.rcc.api.DevDemoApplicationTests - Started DevDemoApplicationTests in 7.49 seconds (JVM running for 10.501)
2020-03-02 20:31:38 INFO  o.s.s.c.ThreadPoolTaskExecutor - Shutting down ExecutorService 'applicationTaskExecutor'
2020-03-02 20:32:00 INFO  org.eclipse.jetty.util.log - Logging initialized @10458ms to org.eclipse.jetty.util.log.Slf4jLog
2020-03-02 21:47:04 INFO  org.mortbay.log - Logging to Logger[org.mortbay.log] via org.mortbay.log.Slf4jLog
2020-03-02 21:47:04 INFO  org.mortbay.log - jetty-6.1.26
2020-03-02 21:47:04 INFO  org.mortbay.log - Started SocketConnector@localhost:8888
2020-03-02 21:47:45 INFO  org.mortbay.log - Stopped SocketConnector@localhost:8888
2020-03-02 22:50:39 ERROR i.g.millij.poi.ss.reader.XlsReader - Error reading HSSFSheet, to class com.rcc.api.dto.PrintersMapDataDTO : Invalid header signature; read 0x0000000000000000, expected 0xE11AB1A1E011CFD0 - Your file appears not to be a valid OLE2 document
org.apache.poi.poifs.filesystem.NotOLE2FileException: Invalid header signature; read 0x0000000000000000, expected 0xE11AB1A1E011CFD0 - Your file appears not to be a valid OLE2 document
	at org.apache.poi.poifs.storage.HeaderBlock.<init>(HeaderBlock.java:144)
	at org.apache.poi.poifs.storage.HeaderBlock.<init>(HeaderBlock.java:113)
	at org.apache.poi.poifs.filesystem.NPOIFSFileSystem.<init>(NPOIFSFileSystem.java:301)
	at org.apache.poi.hssf.usermodel.HSSFWorkbook.<init>(HSSFWorkbook.java:413)
	at org.apache.poi.hssf.usermodel.HSSFWorkbook.<init>(HSSFWorkbook.java:394)
	at io.github.millij.poi.ss.reader.XlsReader.read(XlsReader.java:52)
	at io.github.millij.poi.ss.reader.AbstractSpreadsheetReader.read(AbstractSpreadsheetReader.java:82)
	at io.github.millij.poi.ss.reader.XlsReader.read(XlsReader.java:29)
	at io.github.millij.poi.ss.reader.AbstractSpreadsheetReader.read(AbstractSpreadsheetReader.java:69)
	at io.github.millij.poi.ss.reader.XlsReader.read(XlsReader.java:29)
	at com.rcc.api.service.impl.ReadSpreadsheetImpl.main(ReadSpreadsheetImpl.java:34)
2020-03-02 23:11:19 ERROR i.g.millij.poi.ss.reader.XlsReader - Error reading HSSFSheet, to class com.rcc.api.dto.PrintersMapDataDTO : Invalid header signature; read 0x0000000000000000, expected 0xE11AB1A1E011CFD0 - Your file appears not to be a valid OLE2 document
org.apache.poi.poifs.filesystem.NotOLE2FileException: Invalid header signature; read 0x0000000000000000, expected 0xE11AB1A1E011CFD0 - Your file appears not to be a valid OLE2 document
	at org.apache.poi.poifs.storage.HeaderBlock.<init>(HeaderBlock.java:144)
	at org.apache.poi.poifs.storage.HeaderBlock.<init>(HeaderBlock.java:113)
	at org.apache.poi.poifs.filesystem.NPOIFSFileSystem.<init>(NPOIFSFileSystem.java:301)
	at org.apache.poi.hssf.usermodel.HSSFWorkbook.<init>(HSSFWorkbook.java:413)
	at org.apache.poi.hssf.usermodel.HSSFWorkbook.<init>(HSSFWorkbook.java:394)
	at io.github.millij.poi.ss.reader.XlsReader.read(XlsReader.java:52)
	at io.github.millij.poi.ss.reader.AbstractSpreadsheetReader.read(AbstractSpreadsheetReader.java:82)
	at io.github.millij.poi.ss.reader.XlsReader.read(XlsReader.java:29)
	at io.github.millij.poi.ss.reader.AbstractSpreadsheetReader.read(AbstractSpreadsheetReader.java:69)
	at io.github.millij.poi.ss.reader.XlsReader.read(XlsReader.java:29)
	at com.rcc.api.service.impl.ReadSpreadsheetImpl.main(ReadSpreadsheetImpl.java:34)
2020-03-02 23:24:56 INFO  o.s.b.t.c.SpringBootTestContextBootstrapper - Neither @ContextConfiguration nor @ContextHierarchy found for test class [com.rcc.api.DevDemoApplicationTests], using SpringBootContextLoader
2020-03-02 23:24:56 INFO  o.s.t.c.s.AbstractContextLoader - Could not detect default resource locations for test class [com.rcc.api.DevDemoApplicationTests]: no resource found for suffixes {-context.xml, Context.groovy}.
2020-03-02 23:24:56 INFO  o.s.t.c.s.AnnotationConfigContextLoaderUtils - Could not detect default configuration classes for test class [com.rcc.api.DevDemoApplicationTests]: DevDemoApplicationTests does not declare any static, non-private, non-final, nested classes annotated with @Configuration.
2020-03-02 23:24:56 INFO  o.s.b.t.c.SpringBootTestContextBootstrapper - Found @SpringBootConfiguration com.rcc.api.RCCOAUTHApplication for test class com.rcc.api.DevDemoApplicationTests
2020-03-02 23:24:57 INFO  o.s.b.t.c.SpringBootTestContextBootstrapper - Loaded default TestExecutionListener class names from location [META-INF/spring.factories]: [org.springframework.security.test.context.support.WithSecurityContextTestExecutionListener, org.springframework.security.test.context.support.ReactorContextTestExecutionListener, org.springframework.boot.test.autoconfigure.restdocs.RestDocsTestExecutionListener, org.springframework.boot.test.autoconfigure.web.client.MockRestServiceServerResetTestExecutionListener, org.springframework.boot.test.autoconfigure.web.servlet.MockMvcPrintOnlyOnFailureTestExecutionListener, org.springframework.boot.test.autoconfigure.web.servlet.WebDriverTestExecutionListener, org.springframework.boot.test.mock.mockito.MockitoTestExecutionListener, org.springframework.boot.test.mock.mockito.ResetMocksTestExecutionListener, org.springframework.test.context.web.ServletTestExecutionListener, org.springframework.test.context.support.DirtiesContextBeforeModesTestExecutionListener, org.springframework.test.context.support.DependencyInjectionTestExecutionListener, org.springframework.test.context.support.DirtiesContextTestExecutionListener, org.springframework.test.context.transaction.TransactionalTestExecutionListener, org.springframework.test.context.jdbc.SqlScriptsTestExecutionListener]
2020-03-02 23:24:57 INFO  o.s.b.t.c.SpringBootTestContextBootstrapper - Using TestExecutionListeners: [org.springframework.test.context.web.ServletTestExecutionListener@43e23713, org.springframework.test.context.support.DirtiesContextBeforeModesTestExecutionListener@65121864, org.springframework.boot.test.mock.mockito.MockitoTestExecutionListener@60807d5b, org.springframework.boot.test.autoconfigure.SpringBootDependencyInjectionTestExecutionListener@5c9f3505, org.springframework.test.context.support.DirtiesContextTestExecutionListener@e97cb2a, org.springframework.security.test.context.support.WithSecurityContextTestExecutionListener@7b3323a4, org.springframework.security.test.context.support.ReactorContextTestExecutionListener@18bae33c, org.springframework.boot.test.autoconfigure.restdocs.RestDocsTestExecutionListener@3d28da33, org.springframework.boot.test.autoconfigure.web.client.MockRestServiceServerResetTestExecutionListener@d568827, org.springframework.boot.test.autoconfigure.web.servlet.MockMvcPrintOnlyOnFailureTestExecutionListener@6f9ab42a, org.springframework.boot.test.autoconfigure.web.servlet.WebDriverTestExecutionListener@207619e6, org.springframework.boot.test.mock.mockito.ResetMocksTestExecutionListener@5bf4a699]
2020-03-02 23:24:57 INFO  o.h.validator.internal.util.Version - HV000001: Hibernate Validator 6.0.17.Final
2020-03-02 23:24:57 INFO  com.rcc.api.DevDemoApplicationTests - Starting DevDemoApplicationTests on DESKTOP-ECSITVM with PID 66368 (started by kreddivari in C:\Users\kreddivari\work\dev-demo)
2020-03-02 23:24:57 INFO  com.rcc.api.DevDemoApplicationTests - No active profile set, falling back to default profiles: default
2020-03-02 23:25:00 INFO  o.s.c.s.PostProcessorRegistrationDelegate$BeanPostProcessorChecker - Bean 'org.springframework.security.config.annotation.configuration.ObjectPostProcessorConfiguration' of type [org.springframework.security.config.annotation.configuration.ObjectPostProcessorConfiguration$$EnhancerBySpringCGLIB$$48a8ffaf] is not eligible for getting processed by all BeanPostProcessors (for example: not eligible for auto-proxying)
2020-03-02 23:25:00 INFO  o.s.c.s.PostProcessorRegistrationDelegate$BeanPostProcessorChecker - Bean 'objectPostProcessor' of type [org.springframework.security.config.annotation.configuration.AutowireBeanFactoryObjectPostProcessor] is not eligible for getting processed by all BeanPostProcessors (for example: not eligible for auto-proxying)
2020-03-02 23:25:00 INFO  o.s.c.s.PostProcessorRegistrationDelegate$BeanPostProcessorChecker - Bean 'org.springframework.security.access.expression.method.DefaultMethodSecurityExpressionHandler@6d142f11' of type [org.springframework.security.access.expression.method.DefaultMethodSecurityExpressionHandler] is not eligible for getting processed by all BeanPostProcessors (for example: not eligible for auto-proxying)
2020-03-02 23:25:00 INFO  o.s.c.s.PostProcessorRegistrationDelegate$BeanPostProcessorChecker - Bean 'org.springframework.security.config.annotation.method.configuration.GlobalMethodSecurityConfiguration' of type [org.springframework.security.config.annotation.method.configuration.GlobalMethodSecurityConfiguration$$EnhancerBySpringCGLIB$$6d7da261] is not eligible for getting processed by all BeanPostProcessors (for example: not eligible for auto-proxying)
2020-03-02 23:25:00 INFO  o.s.c.s.PostProcessorRegistrationDelegate$BeanPostProcessorChecker - Bean 'methodSecurityMetadataSource' of type [org.springframework.security.access.method.DelegatingMethodSecurityMetadataSource] is not eligible for getting processed by all BeanPostProcessors (for example: not eligible for auto-proxying)
2020-03-02 23:25:02 INFO  o.s.s.c.ThreadPoolTaskExecutor - Initializing ExecutorService 'applicationTaskExecutor'
2020-03-02 23:25:03 INFO  o.s.b.a.s.s.UserDetailsServiceAutoConfiguration - 

Using generated security password: 978cd04f-52fa-4200-baab-e80d7b7c6155

2020-03-02 23:25:04 INFO  o.s.s.web.DefaultSecurityFilterChain - Creating filter chain: any request, [org.springframework.security.web.context.request.async.WebAsyncManagerIntegrationFilter@70fed9be, org.springframework.security.web.context.SecurityContextPersistenceFilter@7b507bdc, org.springframework.security.web.header.HeaderWriterFilter@4b09db75, org.springframework.security.web.authentication.logout.LogoutFilter@3fd77b5, org.springframework.security.web.savedrequest.RequestCacheAwareFilter@49ff9055, org.springframework.security.web.servletapi.SecurityContextHolderAwareRequestFilter@2cbdf859, org.springframework.security.web.session.SessionManagementFilter@701f83a3, org.springframework.security.web.access.ExceptionTranslationFilter@733b3427, org.springframework.security.web.access.intercept.FilterSecurityInterceptor@6bb5573b]
2020-03-02 23:25:04 INFO  o.s.b.a.e.web.EndpointLinksResolver - Exposing 2 endpoint(s) beneath base path '/actuator'
2020-03-02 23:25:04 INFO  com.rcc.api.DevDemoApplicationTests - Started DevDemoApplicationTests in 7.61 seconds (JVM running for 10.835)
2020-03-02 23:25:05 INFO  o.s.s.c.ThreadPoolTaskExecutor - Shutting down ExecutorService 'applicationTaskExecutor'
2020-03-02 23:35:46 INFO  o.s.b.t.c.SpringBootTestContextBootstrapper - Neither @ContextConfiguration nor @ContextHierarchy found for test class [com.rcc.api.DevDemoApplicationTests], using SpringBootContextLoader
2020-03-02 23:35:46 INFO  o.s.t.c.s.AbstractContextLoader - Could not detect default resource locations for test class [com.rcc.api.DevDemoApplicationTests]: no resource found for suffixes {-context.xml, Context.groovy}.
2020-03-02 23:35:46 INFO  o.s.t.c.s.AnnotationConfigContextLoaderUtils - Could not detect default configuration classes for test class [com.rcc.api.DevDemoApplicationTests]: DevDemoApplicationTests does not declare any static, non-private, non-final, nested classes annotated with @Configuration.
2020-03-02 23:35:47 INFO  o.s.b.t.c.SpringBootTestContextBootstrapper - Found @SpringBootConfiguration com.rcc.api.RCCOAUTHApplication for test class com.rcc.api.DevDemoApplicationTests
2020-03-02 23:35:47 INFO  o.s.b.t.c.SpringBootTestContextBootstrapper - Loaded default TestExecutionListener class names from location [META-INF/spring.factories]: [org.springframework.security.test.context.support.WithSecurityContextTestExecutionListener, org.springframework.security.test.context.support.ReactorContextTestExecutionListener, org.springframework.boot.test.autoconfigure.restdocs.RestDocsTestExecutionListener, org.springframework.boot.test.autoconfigure.web.client.MockRestServiceServerResetTestExecutionListener, org.springframework.boot.test.autoconfigure.web.servlet.MockMvcPrintOnlyOnFailureTestExecutionListener, org.springframework.boot.test.autoconfigure.web.servlet.WebDriverTestExecutionListener, org.springframework.boot.test.mock.mockito.MockitoTestExecutionListener, org.springframework.boot.test.mock.mockito.ResetMocksTestExecutionListener, org.springframework.test.context.web.ServletTestExecutionListener, org.springframework.test.context.support.DirtiesContextBeforeModesTestExecutionListener, org.springframework.test.context.support.DependencyInjectionTestExecutionListener, org.springframework.test.context.support.DirtiesContextTestExecutionListener, org.springframework.test.context.transaction.TransactionalTestExecutionListener, org.springframework.test.context.jdbc.SqlScriptsTestExecutionListener]
2020-03-02 23:35:47 INFO  o.s.b.t.c.SpringBootTestContextBootstrapper - Using TestExecutionListeners: [org.springframework.test.context.web.ServletTestExecutionListener@5c4f56ae, org.springframework.test.context.support.DirtiesContextBeforeModesTestExecutionListener@408c0bd6, org.springframework.boot.test.mock.mockito.MockitoTestExecutionListener@3b589b7e, org.springframework.boot.test.autoconfigure.SpringBootDependencyInjectionTestExecutionListener@69a6c8dd, org.springframework.test.context.support.DirtiesContextTestExecutionListener@4f7a1961, org.springframework.security.test.context.support.WithSecurityContextTestExecutionListener@6f0879e3, org.springframework.security.test.context.support.ReactorContextTestExecutionListener@10748c17, org.springframework.boot.test.autoconfigure.restdocs.RestDocsTestExecutionListener@4fcb4ee4, org.springframework.boot.test.autoconfigure.web.client.MockRestServiceServerResetTestExecutionListener@50e5e76d, org.springframework.boot.test.autoconfigure.web.servlet.MockMvcPrintOnlyOnFailureTestExecutionListener@7c8e5bf3, org.springframework.boot.test.autoconfigure.web.servlet.WebDriverTestExecutionListener@482e7441, org.springframework.boot.test.mock.mockito.ResetMocksTestExecutionListener@5d87bfce]
2020-03-02 23:35:47 INFO  o.h.validator.internal.util.Version - HV000001: Hibernate Validator 6.0.17.Final
2020-03-02 23:35:48 INFO  com.rcc.api.DevDemoApplicationTests - Starting DevDemoApplicationTests on DESKTOP-ECSITVM with PID 33300 (started by kreddivari in C:\Users\kreddivari\work\dev-demo)
2020-03-02 23:35:48 INFO  com.rcc.api.DevDemoApplicationTests - No active profile set, falling back to default profiles: default
2020-03-02 23:35:52 INFO  o.s.c.s.PostProcessorRegistrationDelegate$BeanPostProcessorChecker - Bean 'org.springframework.security.config.annotation.configuration.ObjectPostProcessorConfiguration' of type [org.springframework.security.config.annotation.configuration.ObjectPostProcessorConfiguration$$EnhancerBySpringCGLIB$$aa9a2ab6] is not eligible for getting processed by all BeanPostProcessors (for example: not eligible for auto-proxying)
2020-03-02 23:35:52 INFO  o.s.c.s.PostProcessorRegistrationDelegate$BeanPostProcessorChecker - Bean 'objectPostProcessor' of type [org.springframework.security.config.annotation.configuration.AutowireBeanFactoryObjectPostProcessor] is not eligible for getting processed by all BeanPostProcessors (for example: not eligible for auto-proxying)
2020-03-02 23:35:52 INFO  o.s.c.s.PostProcessorRegistrationDelegate$BeanPostProcessorChecker - Bean 'org.springframework.security.access.expression.method.DefaultMethodSecurityExpressionHandler@78602997' of type [org.springframework.security.access.expression.method.DefaultMethodSecurityExpressionHandler] is not eligible for getting processed by all BeanPostProcessors (for example: not eligible for auto-proxying)
2020-03-02 23:35:52 INFO  o.s.c.s.PostProcessorRegistrationDelegate$BeanPostProcessorChecker - Bean 'org.springframework.security.config.annotation.method.configuration.GlobalMethodSecurityConfiguration' of type [org.springframework.security.config.annotation.method.configuration.GlobalMethodSecurityConfiguration$$EnhancerBySpringCGLIB$$cf6ecd68] is not eligible for getting processed by all BeanPostProcessors (for example: not eligible for auto-proxying)
2020-03-02 23:35:52 INFO  o.s.c.s.PostProcessorRegistrationDelegate$BeanPostProcessorChecker - Bean 'methodSecurityMetadataSource' of type [org.springframework.security.access.method.DelegatingMethodSecurityMetadataSource] is not eligible for getting processed by all BeanPostProcessors (for example: not eligible for auto-proxying)
2020-03-02 23:35:54 INFO  o.s.s.c.ThreadPoolTaskExecutor - Initializing ExecutorService 'applicationTaskExecutor'
2020-03-02 23:35:56 INFO  o.s.b.a.s.s.UserDetailsServiceAutoConfiguration - 

Using generated security password: 837bdd1e-852b-4803-9dfa-582dd9525179

2020-03-02 23:35:57 INFO  o.s.s.web.DefaultSecurityFilterChain - Creating filter chain: any request, [org.springframework.security.web.context.request.async.WebAsyncManagerIntegrationFilter@2d9c5f7f, org.springframework.security.web.context.SecurityContextPersistenceFilter@11b0282c, org.springframework.security.web.header.HeaderWriterFilter@6d24b521, org.springframework.security.web.authentication.logout.LogoutFilter@5482d178, org.springframework.security.web.savedrequest.RequestCacheAwareFilter@1e4c4eaf, org.springframework.security.web.servletapi.SecurityContextHolderAwareRequestFilter@52926639, org.springframework.security.web.session.SessionManagementFilter@1b929df2, org.springframework.security.web.access.ExceptionTranslationFilter@12cc36b1, org.springframework.security.web.access.intercept.FilterSecurityInterceptor@6d687860]
2020-03-02 23:35:57 INFO  o.s.b.a.e.web.EndpointLinksResolver - Exposing 2 endpoint(s) beneath base path '/actuator'
2020-03-02 23:35:57 INFO  com.rcc.api.DevDemoApplicationTests - Started DevDemoApplicationTests in 10.13 seconds (JVM running for 14.762)
2020-03-02 23:35:57 INFO  o.s.s.c.ThreadPoolTaskExecutor - Shutting down ExecutorService 'applicationTaskExecutor'
2020-03-02 23:38:42 INFO  o.s.b.t.c.SpringBootTestContextBootstrapper - Neither @ContextConfiguration nor @ContextHierarchy found for test class [com.rcc.api.DevDemoApplicationTests], using SpringBootContextLoader
2020-03-02 23:38:42 INFO  o.s.t.c.s.AbstractContextLoader - Could not detect default resource locations for test class [com.rcc.api.DevDemoApplicationTests]: no resource found for suffixes {-context.xml, Context.groovy}.
2020-03-02 23:38:42 INFO  o.s.t.c.s.AnnotationConfigContextLoaderUtils - Could not detect default configuration classes for test class [com.rcc.api.DevDemoApplicationTests]: DevDemoApplicationTests does not declare any static, non-private, non-final, nested classes annotated with @Configuration.
2020-03-02 23:38:43 INFO  o.s.b.t.c.SpringBootTestContextBootstrapper - Found @SpringBootConfiguration com.rcc.api.RCCOAUTHApplication for test class com.rcc.api.DevDemoApplicationTests
2020-03-02 23:38:43 INFO  o.s.b.t.c.SpringBootTestContextBootstrapper - Loaded default TestExecutionListener class names from location [META-INF/spring.factories]: [org.springframework.security.test.context.support.WithSecurityContextTestExecutionListener, org.springframework.security.test.context.support.ReactorContextTestExecutionListener, org.springframework.boot.test.autoconfigure.restdocs.RestDocsTestExecutionListener, org.springframework.boot.test.autoconfigure.web.client.MockRestServiceServerResetTestExecutionListener, org.springframework.boot.test.autoconfigure.web.servlet.MockMvcPrintOnlyOnFailureTestExecutionListener, org.springframework.boot.test.autoconfigure.web.servlet.WebDriverTestExecutionListener, org.springframework.boot.test.mock.mockito.MockitoTestExecutionListener, org.springframework.boot.test.mock.mockito.ResetMocksTestExecutionListener, org.springframework.test.context.web.ServletTestExecutionListener, org.springframework.test.context.support.DirtiesContextBeforeModesTestExecutionListener, org.springframework.test.context.support.DependencyInjectionTestExecutionListener, org.springframework.test.context.support.DirtiesContextTestExecutionListener, org.springframework.test.context.transaction.TransactionalTestExecutionListener, org.springframework.test.context.jdbc.SqlScriptsTestExecutionListener]
2020-03-02 23:38:43 INFO  o.s.b.t.c.SpringBootTestContextBootstrapper - Using TestExecutionListeners: [org.springframework.test.context.web.ServletTestExecutionListener@137272d0, org.springframework.test.context.support.DirtiesContextBeforeModesTestExecutionListener@1998c3fa, org.springframework.boot.test.mock.mockito.MockitoTestExecutionListener@71d15274, org.springframework.boot.test.autoconfigure.SpringBootDependencyInjectionTestExecutionListener@16e1bf5d, org.springframework.test.context.support.DirtiesContextTestExecutionListener@1605aba3, org.springframework.security.test.context.support.WithSecurityContextTestExecutionListener@49dd3d8a, org.springframework.security.test.context.support.ReactorContextTestExecutionListener@32e48437, org.springframework.boot.test.autoconfigure.restdocs.RestDocsTestExecutionListener@29e4ce61, org.springframework.boot.test.autoconfigure.web.client.MockRestServiceServerResetTestExecutionListener@1287204d, org.springframework.boot.test.autoconfigure.web.servlet.MockMvcPrintOnlyOnFailureTestExecutionListener@32167efa, org.springframework.boot.test.autoconfigure.web.servlet.WebDriverTestExecutionListener@24c591b3, org.springframework.boot.test.mock.mockito.ResetMocksTestExecutionListener@2b5dd48c]
2020-03-02 23:38:44 INFO  com.rcc.api.DevDemoApplicationTests - Starting DevDemoApplicationTests on DESKTOP-ECSITVM with PID 67488 (started by kreddivari in C:\Users\kreddivari\work\dev-demo)
2020-03-02 23:38:44 INFO  com.rcc.api.DevDemoApplicationTests - No active profile set, falling back to default profiles: default
2020-03-02 23:38:48 INFO  o.s.c.s.PostProcessorRegistrationDelegate$BeanPostProcessorChecker - Bean 'org.springframework.security.config.annotation.configuration.ObjectPostProcessorConfiguration' of type [org.springframework.security.config.annotation.configuration.ObjectPostProcessorConfiguration$$EnhancerBySpringCGLIB$$b8eccf58] is not eligible for getting processed by all BeanPostProcessors (for example: not eligible for auto-proxying)
2020-03-02 23:38:48 INFO  o.s.c.s.PostProcessorRegistrationDelegate$BeanPostProcessorChecker - Bean 'objectPostProcessor' of type [org.springframework.security.config.annotation.configuration.AutowireBeanFactoryObjectPostProcessor] is not eligible for getting processed by all BeanPostProcessors (for example: not eligible for auto-proxying)
2020-03-02 23:38:48 INFO  o.s.c.s.PostProcessorRegistrationDelegate$BeanPostProcessorChecker - Bean 'org.springframework.security.access.expression.method.DefaultMethodSecurityExpressionHandler@76044b1f' of type [org.springframework.security.access.expression.method.DefaultMethodSecurityExpressionHandler] is not eligible for getting processed by all BeanPostProcessors (for example: not eligible for auto-proxying)
2020-03-02 23:38:48 INFO  o.s.c.s.PostProcessorRegistrationDelegate$BeanPostProcessorChecker - Bean 'org.springframework.security.config.annotation.method.configuration.GlobalMethodSecurityConfiguration' of type [org.springframework.security.config.annotation.method.configuration.GlobalMethodSecurityConfiguration$$EnhancerBySpringCGLIB$$ddc1720a] is not eligible for getting processed by all BeanPostProcessors (for example: not eligible for auto-proxying)
2020-03-02 23:38:48 INFO  o.s.c.s.PostProcessorRegistrationDelegate$BeanPostProcessorChecker - Bean 'methodSecurityMetadataSource' of type [org.springframework.security.access.method.DelegatingMethodSecurityMetadataSource] is not eligible for getting processed by all BeanPostProcessors (for example: not eligible for auto-proxying)
2020-03-02 23:38:49 INFO  o.s.s.c.ThreadPoolTaskExecutor - Initializing ExecutorService 'applicationTaskExecutor'
2020-03-02 23:38:52 INFO  o.s.b.a.s.s.UserDetailsServiceAutoConfiguration - 

Using generated security password: 5e3f9623-001a-49ad-b787-bae43ad91571

2020-03-02 23:38:52 INFO  o.s.s.web.DefaultSecurityFilterChain - Creating filter chain: any request, [org.springframework.security.web.context.request.async.WebAsyncManagerIntegrationFilter@745e70e, org.springframework.security.web.context.SecurityContextPersistenceFilter@23ac9246, org.springframework.security.web.header.HeaderWriterFilter@5d2961c2, org.springframework.security.web.authentication.logout.LogoutFilter@5b276d81, org.springframework.security.web.savedrequest.RequestCacheAwareFilter@1d01b1fc, org.springframework.security.web.servletapi.SecurityContextHolderAwareRequestFilter@7b29b8ee, org.springframework.security.web.session.SessionManagementFilter@46f1b3d3, org.springframework.security.web.access.ExceptionTranslationFilter@4dbee182, org.springframework.security.web.access.intercept.FilterSecurityInterceptor@1eae7d0e]
2020-03-02 23:38:52 INFO  o.s.b.a.e.web.EndpointLinksResolver - Exposing 2 endpoint(s) beneath base path '/actuator'
2020-03-02 23:38:53 INFO  com.rcc.api.DevDemoApplicationTests - Started DevDemoApplicationTests in 9.066 seconds (JVM running for 13.016)
2020-03-02 23:38:53 INFO  o.s.s.c.ThreadPoolTaskExecutor - Shutting down ExecutorService 'applicationTaskExecutor'
